+-----------------------------------------------------------------------------
+ Started burn-in: Sun Mar  2 02:23:51 PM UTC 2025
+-----------------------------------------------------------------------------
Host:                   debian
OS:                     Linux
Drive:                  /dev/sdo
Disk Type:              7200_rpm
Drive Model:            OOS14000G
Serial Number:          0003GKTB0000C15009ZH
Short test duration:     minutes
                        0 seconds
Extended test duration:  minutes
                        0 seconds
Log file:               /home/user/burnin-OOS14000G_0003GKTB0000C15009ZH.log
Bad blocks file:        /home/user/burnin-OOS14000G_0003GKTB0000C15009ZH.bb
+-----------------------------------------------------------------------------
+ Running SMART short test: Sun Mar  2 02:23:51 PM UTC 2025
+-----------------------------------------------------------------------------
SMART short test started, awaiting completion for 0 seconds ...
SMART self-test succeeded
smartctl 7.3 2022-02-28 r5338 [x86_64-linux-6.1.0-29-amd64] (local build)

SMART Self-test log
Num  Test              Status                 segment  LifeTime  LBA_first_err [SK ASC ASQ]
     Description                              number   (hours)
# 1  Background short  Completed                   -       2                 - [-   -    -]

Long (extended) Self-test duration: 72120 seconds [20.0 hours]

Finished SMART short test
+-----------------------------------------------------------------------------
+ Running badblocks test: Sun Mar  2 02:25:52 PM UTC 2025
+-----------------------------------------------------------------------------
Finished badblocks test
+-----------------------------------------------------------------------------
+ Running SMART long test: Sat Mar  8 01:42:38 PM UTC 2025
+-----------------------------------------------------------------------------
SMART long test started, awaiting completion for 0 seconds ...
SMART self-test timeout threshold exceeded
smartctl 7.3 2022-02-28 r5338 [x86_64-linux-6.1.0-29-amd64] (local build)

Self-test execution status:		68% of test remaining
SMART Self-test log
Num  Test              Status                 segment  LifeTime  LBA_first_err [SK ASC ASQ]
     Description                              number   (hours)
# 1  Background long   Self test in progress ...   -     NOW                 - [-   -    -]
# 2  Background short  Completed                   -       2                 - [-   -    -]

Long (extended) Self-test duration: 72120 seconds [20.0 hours]

Finished SMART long test
+-----------------------------------------------------------------------------
+ Drive information: Sat Mar  8 06:15:04 PM UTC 2025
+-----------------------------------------------------------------------------
smartctl 7.3 2022-02-28 r5338 [x86_64-linux-6.1.0-29-amd64] (local build)

=== START OF INFORMATION SECTION ===
Vendor:               
Product:              OOS14000G
Revision:             OOS1
Compliance:           SPC-5
User Capacity:        14,000,519,643,136 bytes [14.0 TB]
Logical block size:   512 bytes
Physical block size:  4096 bytes
LU is fully provisioned
Rotation Rate:        7200 rpm
Form Factor:          3.5 inches
Logical Unit id:      0x5000c500d798b67b
Serial number:        0003GKTB0000C15009ZH
Device type:          disk
Transport protocol:   SAS (SPL-4)
Local Time is:        Sat Mar  8 18:15:04 2025 UTC
SMART support is:     Available - device has SMART capability.
SMART support is:     Enabled
Temperature Warning:  Enabled
Read Cache is:        Enabled
Writeback Cache is:   Enabled

SMART Health Status: OK

Grown defects during certification <not available>
Total blocks reassigned during format <not available>
Total new blocks reassigned <not available>
Power on minutes since format <not available>
Current temperature = 42
Lifetime maximum temperature = 49
Lifetime minimum temperature = 26
Maximum temperature since power on = 49
Minimum temperature since power on = 26
Relative humidity = 255
Lifetime maximum relative humidity = 255
Lifetime minimum relative humidity = 255
Maximum relative humidity since power on = 255
Minimum relative humidity since power on = 255
Manufactured in week 29 of year 2024
Specified cycle count over device lifetime:  50000
Accumulated start-stop cycles:  7
Specified load-unload count over device lifetime:  600000
Accumulated load-unload cycles:  13
Elements in grown defect list: 0

Error counter log:
           Errors Corrected by           Total   Correction     Gigabytes    Total
               ECC          rereads/    errors   algorithm      processed    uncorrected
           fast | delayed   rewrites  corrected  invocations   [10^9 bytes]  errors
read:          0        0         0         0          0      56009.276           0
write:         0        0         0         0          0      56002.406           0

Non-medium error count:        0

  Pending defect count:0 Pending Defects

[GLTSD (Global Logging Target Save Disable) set. Enable Save with '-S on']
Self-test execution status:		68% of test remaining
SMART Self-test log
Num  Test              Status                 segment  LifeTime  LBA_first_err [SK ASC ASQ]
     Description                              number   (hours)
# 1  Background long   Self test in progress ...   -     NOW                 - [-   -    -]
# 2  Background short  Completed                   -       2                 - [-   -    -]

Long (extended) Self-test duration: 72120 seconds [20.0 hours]

Background scan results log
  Status: no scans active
    Accumulated power on time, hours:minutes 150:11 [9011 minutes]
    Number of background scans performed: 0,  scan progress: 0.00%
    Number of background medium scans performed: 0


Protocol Specific port log page for SAS SSP
relative target port id = 1
  generation code = 0
  number of phys = 1
  phy identifier = 0
    attached device type: expander device
    attached reason: SMP phy control function
    reason: loss of dword synchronization
    negotiated logical link rate: phy enabled; 12 Gbps
    attached initiator port: ssp=0 stp=0 smp=0
    attached target port: ssp=0 stp=0 smp=1
    SAS address = 0x5000c500d798b679
    attached SAS address = 0x500304801ec987bf
    attached phy identifier = 11
    Invalid DWORD count = 0
    Running disparity error count = 0
    Loss of DWORD synchronization count = 2
    Phy reset problem count = 0
relative target port id = 2
  generation code = 0
  number of phys = 1
  phy identifier = 1
    attached device type: no device attached
    attached reason: unknown
    reason: unknown
    negotiated logical link rate: phy enabled; unknown
    attached initiator port: ssp=0 stp=0 smp=0
    attached target port: ssp=0 stp=0 smp=0
    SAS address = 0x5000c500d798b67a
    attached SAS address = 0x0
    attached phy identifier = 0
    Invalid DWORD count = 0
    Running disparity error count = 0
    Loss of DWORD synchronization count = 0
    Phy reset problem count = 0

+-----------------------------------------------------------------------------
+ Finished burn-in: Sat Mar  8 06:15:05 PM UTC 2025
+-----------------------------------------------------------------------------
